#
# There is insufficient memory for the Java Runtime Environment to continue.
# Native memory allocation (mmap) failed to map 264241152 bytes for G1 virtual space
# Possible reasons:
#   The system is out of physical RAM or swap space
#   The process is running with CompressedOops enabled, and the Java Heap may be blocking the growth of the native heap
# Possible solutions:
#   Reduce memory load on the system
#   Increase physical memory or swap space
#   Check if swap backing store is full
#   Decrease Java heap size (-Xmx/-Xms)
#   Decrease number of Java threads
#   Decrease Java thread stack sizes (-Xss)
#   Set larger code cache with -XX:ReservedCodeCacheSize=
#   JVM is running with Zero Based Compressed Oops mode in which the Java heap is
#     placed in the first 32GB address space. The Java Heap base address is the
#     maximum limit for the native heap growth. Please use -XX:HeapBaseMinAddress
#     to set the Java Heap base and to place the Java Heap above 32GB virtual address.
# This output file may be truncated or incomplete.
#
#  Out of Memory Error (os_windows.cpp:3771), pid=58584, tid=66904
#
# JRE version:  (17.0.7+7) (build )
# Java VM: OpenJDK 64-Bit Server VM (17.0.7+7-b1000.6, mixed mode, sharing, tiered, compressed oops, compressed class ptrs, g1 gc, windows-amd64)
# No core dump will be written. Minidumps are not enabled by default on client versions of Windows
#

---------------  S U M M A R Y ------------

Command Line: git4idea.http.GitAskPassApp Username for 'https://github.com': 

Host: 11th Gen Intel(R) Core(TM) i7-1165G7 @ 2.80GHz, 8 cores, 15G,  Windows 11 , 64 bit Build 22621 (10.0.22621.2070)
Time: Wed Aug 30 14:39:16 2023  Windows 11 , 64 bit Build 22621 (10.0.22621.2070) elapsed time: 0.023031 seconds (0d 0h 0m 0s)

---------------  T H R E A D  ---------------

Current thread (0x0000020dd277ac00):  JavaThread "Unknown thread" [_thread_in_vm, id=66904, stack(0x000000262e100000,0x000000262e200000)]

Stack: [0x000000262e100000,0x000000262e200000]
Native frames: (J=compiled Java code, j=interpreted, Vv=VM code, C=native code)
V  [jvm.dll+0x683bfa]
V  [jvm.dll+0x8430a4]
V  [jvm.dll+0x8449be]
V  [jvm.dll+0x845023]
V  [jvm.dll+0x24ad2f]
V  [jvm.dll+0x680ac9]
V  [jvm.dll+0x67519a]
V  [jvm.dll+0x30b3cb]
V  [jvm.dll+0x312876]
V  [jvm.dll+0x36221e]
V  [jvm.dll+0x36244f]
V  [jvm.dll+0x2e14a8]
V  [jvm.dll+0x2e2414]
V  [jvm.dll+0x814391]
V  [jvm.dll+0x36ffe1]
V  [jvm.dll+0x7f396c]
V  [jvm.dll+0x3f305f]
V  [jvm.dll+0x3f4b91]
C  [jli.dll+0x528f]
C  [ucrtbase.dll+0x29363]
C  [KERNEL32.DLL+0x126ad]
C  [ntdll.dll+0x5aa68]


---------------  P R O C E S S  ---------------

Threads class SMR info:
_java_thread_list=0x00007ffddfc4d098, length=0, elements={
}

Java Threads: ( => current thread )

Other Threads:
  0x0000020dd27e4780 GCTaskThread "GC Thread#0" [stack: 0x000000262e200000,0x000000262e300000] [id=77376]
  0x0000020dd27f51c0 ConcurrentGCThread "G1 Main Marker" [stack: 0x000000262e300000,0x000000262e400000] [id=64492]
  0x0000020dd27f5d30 ConcurrentGCThread "G1 Conc#0" [stack: 0x000000262e400000,0x000000262e500000] [id=13824]

[error occurred during error reporting (printing all threads), id 0xc0000005, EXCEPTION_ACCESS_VIOLATION (0xc0000005) at pc=0x00007ffddf402087]

VM state: not at safepoint (not fully initialized)

VM Mutex/Monitor currently owned by a thread:  ([mutex/lock_event])
[0x0000020dd27757b0] Heap_lock - owner thread: 0x0000020dd277ac00

Heap address: 0x0000000705000000, size: 4016 MB, Compressed Oops mode: Zero based, Oop shift amount: 3

CDS archive(s) mapped at: [0x0000000000000000-0x0000000000000000-0x0000000000000000), size 0, SharedBaseAddress: 0x0000000800000000, ArchiveRelocationMode: 0.
Narrow klass base: 0x0000000000000000, Narrow klass shift: 0, Narrow klass range: 0x0

GC Precious Log:
<Empty>

Heap:
 garbage-first heap   total 0K, used 0K [0x0000000705000000, 0x0000000800000000)
  region size 2048K, 0 young (0K), 0 survivors (0K)
 Metaspace       used 0K, committed 0K, reserved 0K
  class space    used 0K, committed 0K, reserved 0K

Heap Regions: E=young(eden), S=young(survivor), O=old, HS=humongous(starts), HC=humongous(continues), CS=collection set, F=free, OA=open archive, CA=closed archive, TAMS=top-at-mark-start (previous, next)

Card table byte_map: [0x0000020de7930000,0x0000020de8110000] _byte_map_base: 0x0000020de4108000

Marking Bits (Prev, Next): (CMBitMap*) 0x0000020dd27e4d90, (CMBitMap*) 0x0000020dd27e4dd0
 Prev Bits: [0x0000020de88f0000, 0x0000020dec7b0000)
 Next Bits: [0x0000020dec7b0000, 0x0000020df0670000)

GC Heap History (0 events):
No events

Dll operation events (1 events):
Event: 0.015 Loaded shared library C:\Program Files\JetBrains\JetBrains Rider 2023.2\jbr\bin\java.dll

Deoptimization events (0 events):
No events

Classes unloaded (0 events):
No events

Classes redefined (0 events):
No events

Internal exceptions (0 events):
No events

VM Operations (0 events):
No events

Events (0 events):
No events


Dynamic libraries:
0x00007ff799140000 - 0x00007ff79914a000 	C:\Program Files\JetBrains\JetBrains Rider 2023.2\jbr\bin\java.exe
0x00007ffea07d0000 - 0x00007ffea09e4000 	C:\WINDOWS\SYSTEM32\ntdll.dll
0x00007ffe9fa40000 - 0x00007ffe9fb04000 	C:\WINDOWS\System32\KERNEL32.DLL
0x00007ffe9e000000 - 0x00007ffe9e3a4000 	C:\WINDOWS\System32\KERNELBASE.dll
0x00007ffe9e3b0000 - 0x00007ffe9e4c1000 	C:\WINDOWS\System32\ucrtbase.dll
0x00007ffe16320000 - 0x00007ffe16337000 	C:\Program Files\JetBrains\JetBrains Rider 2023.2\jbr\bin\jli.dll
0x00007ffe64230000 - 0x00007ffe6424b000 	C:\Program Files\JetBrains\JetBrains Rider 2023.2\jbr\bin\VCRUNTIME140.dll
0x00007ffe9f2c0000 - 0x00007ffe9f46a000 	C:\WINDOWS\System32\USER32.dll
0x00007ffe9de30000 - 0x00007ffe9de56000 	C:\WINDOWS\System32\win32u.dll
0x00007ffe9ea70000 - 0x00007ffe9ea99000 	C:\WINDOWS\System32\GDI32.dll
0x00007ffe9dee0000 - 0x00007ffe9dff9000 	C:\WINDOWS\System32\gdi32full.dll
0x00007ffe8b6f0000 - 0x00007ffe8b97f000 	C:\WINDOWS\WinSxS\amd64_microsoft.windows.common-controls_6595b64144ccf1df_6.0.22621.2070_none_2713e6537381f706\COMCTL32.dll
0x00007ffe9dbb0000 - 0x00007ffe9dc4a000 	C:\WINDOWS\System32\msvcp_win.dll
0x00007ffe9f0a0000 - 0x00007ffe9f147000 	C:\WINDOWS\System32\msvcrt.dll
0x00007ffea0570000 - 0x00007ffea05a1000 	C:\WINDOWS\System32\IMM32.DLL
0x00007ffe8f6e0000 - 0x00007ffe8f6ec000 	C:\Program Files\JetBrains\JetBrains Rider 2023.2\jbr\bin\vcruntime140_1.dll
0x00007ffe54df0000 - 0x00007ffe54e7d000 	C:\Program Files\JetBrains\JetBrains Rider 2023.2\jbr\bin\msvcp140.dll
0x00007ffddf110000 - 0x00007ffddfd90000 	C:\Program Files\JetBrains\JetBrains Rider 2023.2\jbr\bin\server\jvm.dll
0x00007ffea0660000 - 0x00007ffea0710000 	C:\WINDOWS\System32\ADVAPI32.dll
0x00007ffe9fb20000 - 0x00007ffe9fbc6000 	C:\WINDOWS\System32\sechost.dll
0x00007ffe9f150000 - 0x00007ffe9f267000 	C:\WINDOWS\System32\RPCRT4.dll
0x00007ffe925b0000 - 0x00007ffe925e4000 	C:\WINDOWS\SYSTEM32\WINMM.dll
0x00007ffe95270000 - 0x00007ffe9527a000 	C:\WINDOWS\SYSTEM32\VERSION.dll
0x00007ffe765c0000 - 0x00007ffe765c9000 	C:\WINDOWS\SYSTEM32\WSOCK32.dll
0x00007ffea0710000 - 0x00007ffea0781000 	C:\WINDOWS\System32\WS2_32.dll
0x00007ffe9cce0000 - 0x00007ffe9ccf8000 	C:\WINDOWS\SYSTEM32\kernel.appcore.dll
0x00007ffe8c1f0000 - 0x00007ffe8c1fa000 	C:\Program Files\JetBrains\JetBrains Rider 2023.2\jbr\bin\jimage.dll
0x00007ffe9b4a0000 - 0x00007ffe9b6ce000 	C:\WINDOWS\SYSTEM32\DBGHELP.DLL
0x00007ffe9ed10000 - 0x00007ffe9f09a000 	C:\WINDOWS\System32\combase.dll
0x00007ffe9f480000 - 0x00007ffe9f557000 	C:\WINDOWS\System32\OLEAUT32.dll
0x00007ffe90eb0000 - 0x00007ffe90ee2000 	C:\WINDOWS\SYSTEM32\dbgcore.DLL
0x00007ffe9de60000 - 0x00007ffe9deda000 	C:\WINDOWS\System32\bcryptPrimitives.dll
0x00007ffe8adb0000 - 0x00007ffe8add5000 	C:\Program Files\JetBrains\JetBrains Rider 2023.2\jbr\bin\java.dll

dbghelp: loaded successfully - version: 4.0.5 - missing functions: none
symbol engine: initialized successfully - sym options: 0x614 - pdb path: .;C:\Program Files\JetBrains\JetBrains Rider 2023.2\jbr\bin;C:\WINDOWS\SYSTEM32;C:\WINDOWS\WinSxS\amd64_microsoft.windows.common-controls_6595b64144ccf1df_6.0.22621.2070_none_2713e6537381f706;C:\Program Files\JetBrains\JetBrains Rider 2023.2\jbr\bin\server

VM Arguments:
java_command: git4idea.http.GitAskPassApp Username for 'https://github.com': 
java_class_path (initial): C:/Program Files/JetBrains/JetBrains Rider 2023.2/plugins/vcs-git/lib/git4idea-rt.jar;C:/Program Files/JetBrains/JetBrains Rider 2023.2/lib/externalProcess-rt.jar
Launcher Type: SUN_STANDARD

[Global flags]
     intx CICompilerCount                          = 4                                         {product} {ergonomic}
     uint ConcGCThreads                            = 2                                         {product} {ergonomic}
     uint G1ConcRefinementThreads                  = 8                                         {product} {ergonomic}
   size_t G1HeapRegionSize                         = 2097152                                   {product} {ergonomic}
    uintx GCDrainStackTargetSize                   = 64                                        {product} {ergonomic}
   size_t InitialHeapSize                          = 264241152                                 {product} {ergonomic}
   size_t MarkStackSize                            = 4194304                                   {product} {ergonomic}
   size_t MaxHeapSize                              = 4211081216                                {product} {ergonomic}
   size_t MinHeapDeltaBytes                        = 2097152                                   {product} {ergonomic}
   size_t MinHeapSize                              = 8388608                                   {product} {ergonomic}
    uintx NonNMethodCodeHeapSize                   = 5839372                                {pd product} {ergonomic}
    uintx NonProfiledCodeHeapSize                  = 122909434                              {pd product} {ergonomic}
    uintx ProfiledCodeHeapSize                     = 122909434                              {pd product} {ergonomic}
    uintx ReservedCodeCacheSize                    = 251658240                              {pd product} {ergonomic}
     bool SegmentedCodeCache                       = true                                      {product} {ergonomic}
   size_t SoftMaxHeapSize                          = 4211081216                             {manageable} {ergonomic}
     bool UseCompressedClassPointers               = true                           {product lp64_product} {ergonomic}
     bool UseCompressedOops                        = true                           {product lp64_product} {ergonomic}
     bool UseG1GC                                  = true                                      {product} {ergonomic}
     bool UseLargePagesIndividualAllocation        = false                                  {pd product} {ergonomic}

Logging:
Log output configuration:
 #0: stdout all=warning uptime,level,tags
 #1: stderr all=off uptime,level,tags

Environment Variables:
PATH=C:/Program Files/Git/mingw64/libexec/git-core;C:/Program Files/Git/mingw64/libexec/git-core;C:\Program Files\Git\mingw64\bin;C:\Program Files\Git\usr\bin;C:\Users\qwqe0\bin;C:\Program Files\Common Files\Oracle\Java\javapath;C:\Program Files (x86)\Common Files\Oracle\Java\javapath;C:\windows\system32;C:\windows;C:\windows\System32\Wbem;C:\windows\System32\WindowsPowerShell\v1.0\;C:\windows\System32\OpenSSH\;C:\Program Files (x86)\NVIDIA Corporation\PhysX\Common;C:\Program Files\NVIDIA Corporation\NVIDIA NvDLISR;C:\Program Files\CMake\bin;C:\Program Files\dotnet\;C:\WINDOWS\system32;C:\WINDOWS;C:\WINDOWS\System32\Wbem;C:\WINDOWS\System32\WindowsPowerShell\v1.0\;C:\WINDOWS\System32\OpenSSH\;C:\Program Files\Git\cmd;C:\Program Files\Git LFS;C:\Users\qwqe0\AppData\Local\Programs\Python\Python311\Scripts\;C:\Users\qwqe0\AppData\Local\Programs\Python\Python311\;C:\Users\qwqe0\AppData\Local\Microsoft\WindowsApps;C:\Users\qwqe0\.dotnet\tools;C:\Users\qwqe0\AppData\Local\Programs\Microsoft VS Code\bin;C:\Users\qwqe0\AppData\Local\GitHubDesktop\bin
USERNAME=qwqe0
DISPLAY=:0.0
LC_ALL=en_US.UTF-8
TERM=xterm-256color
TMPDIR=C:\Users\qwqe0\AppData\Local\Temp
OS=Windows_NT
PROCESSOR_IDENTIFIER=Intel64 Family 6 Model 140 Stepping 1, GenuineIntel
TMP=C:\Users\qwqe0\AppData\Local\Temp
TEMP=C:\Users\qwqe0\AppData\Local\Temp


JNI global refs:
JNI global refs: 0, weak refs: 0

JNI global refs memory usage: 0, weak refs: 0

OOME stack traces (most recent first):
Classloader memory used:


---------------  S Y S T E M  ---------------

OS:
 Windows 11 , 64 bit Build 22621 (10.0.22621.2070)
OS uptime: 11 days 3:36 hours

CPU: total 8 (initial active 8) (4 cores per cpu, 2 threads per core) family 6 model 140 stepping 1 microcode 0x9a, cx8, cmov, fxsr, ht, mmx, 3dnowpref, sse, sse2, sse3, ssse3, sse4.1, sse4.2, popcnt, lzcnt, tsc, tscinvbit, avx, avx2, aes, erms, clmul, bmi1, bmi2, adx, avx512f, avx512dq, avx512cd, avx512bw, avx512vl, sha, fma, vzeroupper, avx512_vpopcntdq, avx512_vpclmulqdq, avx512_vaes, avx512_vnni, clflush, clflushopt, clwb, avx512_vbmi2, avx512_vbmi

Memory: 4k page, system-wide physical 16057M (1837M free)
TotalPageFile size 20153M (AvailPageFile size 166M)
current process WorkingSet (physical memory assigned to process): 12M, peak: 12M
current process commit charge ("private bytes"): 60M, peak: 312M

vm_info: OpenJDK 64-Bit Server VM (17.0.7+7-b1000.6) for windows-amd64 JRE (17.0.7+7-b1000.6), built on 2023-07-07 by "builduser" with MS VC++ 16.10 / 16.11 (VS2019)

END.
